[    0.000000] Linux version 4.15.0-212-generic (buildd@lcy02-amd64-083) (gcc version 7.5.0 (Ubuntu 7.5.0-3ubuntu1~18.04)) #223-Ubuntu SMP Tue May 23 13:09:22 UTC 2023 (Ubuntu 4.15.0-212.223-generic 4.15.18)
[    0.000000] Command line: BOOT_IMAGE=/boot/vmlinuz-4.15.0-212-generic root=LABEL=cloudimg-rootfs ro console=tty1 console=ttyS0
[    0.000000] KERNEL supported cpus:
[    0.000000]   Intel GenuineIntel
[    0.000000]   AMD AuthenticAMD
[    0.000000]   Centaur CentaurHauls
[    0.000000] x86/fpu: x87 FPU will use FXSAVE
[    0.000000] e820: BIOS-provided physical RAM map:
[    0.000000] BIOS-e820: [mem 0x0000000000000000-0x000000000009fbff] usable
[    0.000000] BIOS-e820: [mem 0x000000000009fc00-0x000000000009ffff] reserved
[    0.000000] BIOS-e820: [mem 0x00000000000f0000-0x00000000000fffff] reserved
[    0.000000] BIOS-e820: [mem 0x0000000000100000-0x000000003ffeffff] usable
[    0.000000] BIOS-e820: [mem 0x000000003fff0000-0x000000003fffffff] ACPI data
[    0.000000] BIOS-e820: [mem 0x00000000fec00000-0x00000000fec00fff] reserved
[    0.000000] BIOS-e820: [mem 0x00000000fee00000-0x00000000fee00fff] reserved
[    0.000000] BIOS-e820: [mem 0x00000000fffc0000-0x00000000ffffffff] reserved
[    0.000000] NX (Execute Disable) protection: active
[    0.000000] SMBIOS 2.5 present.
[    0.000000] DMI: innotek GmbH VirtualBox/VirtualBox, BIOS VirtualBox 12/01/2006
[    0.000000] Hypervisor detected: KVM
[    0.000000] e820: last_pfn = 0x3fff0 max_arch_pfn = 0x400000000
[    0.000000] MTRR: Disabled
[    0.000000] x86/PAT: MTRRs disabled, skipping PAT initialization too.
[    0.000000] CPU MTRRs all blank - virtualized system.
[    0.000000] x86/PAT: Configuration [0-7]: WB  WT  UC- UC  WB  WT  UC- UC  
[    0.000000] found SMP MP-table at [mem 0x0009fff0-0x0009ffff]
[    0.000000] Scanning 1 areas for low memory corruption
[    0.000000] RAMDISK: [mem 0x359cb000-0x36cdcfff]
[    0.000000] ACPI: Early table checksum verification disabled
[    0.000000] ACPI: RSDP 0x00000000000E0000 000024 (v02 VBOX  )
[    0.000000] ACPI: XSDT 0x000000003FFF0030 00003C (v01 VBOX   VBOXXSDT 00000001 ASL  00000061)
[    0.000000] ACPI: FACP 0x000000003FFF00F0 0000F4 (v04 VBOX   VBOXFACP 00000001 ASL  00000061)
[    0.000000] ACPI: DSDT 0x000000003FFF0610 002353 (v02 VBOX   VBOXBIOS 00000002 INTL 20100528)
[    0.000000] ACPI: FACS 0x000000003FFF0200 000040
[    0.000000] ACPI: FACS 0x000000003FFF0200 000040
[    0.000000] ACPI: APIC 0x000000003FFF0240 00005C (v02 VBOX   VBOXAPIC 00000001 ASL  00000061)
[    0.000000] ACPI: SSDT 0x000000003FFF02A0 00036C (v01 VBOX   VBOXCPUT 00000002 INTL 20100528)
[    0.000000] ACPI: Reserving FACP table memory at [mem 0x3fff00f0-0x3fff01e3]
[    0.000000] ACPI: Reserving DSDT table memory at [mem 0x3fff0610-0x3fff2962]
[    0.000000] ACPI: Reserving FACS table memory at [mem 0x3fff0200-0x3fff023f]
[    0.000000] ACPI: Reserving FACS table memory at [mem 0x3fff0200-0x3fff023f]
[    0.000000] ACPI: Reserving APIC table memory at [mem 0x3fff0240-0x3fff029b]
[    0.000000] ACPI: Reserving SSDT table memory at [mem 0x3fff02a0-0x3fff060b]
[    0.000000] No NUMA configuration found
[    0.000000] Faking a node at [mem 0x0000000000000000-0x000000003ffeffff]
[    0.000000] NODE_DATA(0) allocated [mem 0x3ffc5000-0x3ffeffff]
[    0.000000] kvm-clock: cpu 0, msr 0:3ff44001, primary cpu clock
[    0.000000] kvm-clock: Using msrs 4b564d01 and 4b564d00
[    0.000000] kvm-clock: using sched offset of 5476331730 cycles
[    0.000000] clocksource: kvm-clock: mask: 0xffffffffffffffff max_cycles: 0x1cd42e4dffb, max_idle_ns: 881590591483 ns
[    0.000000] Zone ranges:
[    0.000000]   DMA      [mem 0x0000000000001000-0x0000000000ffffff]
[    0.000000]   DMA32    [mem 0x0000000001000000-0x000000003ffeffff]
[    0.000000]   Normal   empty
[    0.000000]   Device   empty
[    0.000000] Movable zone start for each node
[    0.000000] Early memory node ranges
[    0.000000]   node   0: [mem 0x0000000000001000-0x000000000009efff]
[    0.000000]   node   0: [mem 0x0000000000100000-0x000000003ffeffff]
[    0.000000] Reserved but unavailable: 104 pages
[    0.000000] Initmem setup node 0 [mem 0x0000000000001000-0x000000003ffeffff]
[    0.000000] ACPI: PM-Timer IO Port: 0x4008
[    0.000000] IOAPIC[0]: apic_id 2, version 32, address 0xfec00000, GSI 0-23
[    0.000000] ACPI: INT_SRC_OVR (bus 0 bus_irq 0 global_irq 2 dfl dfl)
[    0.000000] ACPI: INT_SRC_OVR (bus 0 bus_irq 9 global_irq 9 low level)
[    0.000000] Using ACPI (MADT) for SMP configuration information
[    0.000000] smpboot: Allowing 2 CPUs, 0 hotplug CPUs
[    0.000000] PM: Registered nosave memory: [mem 0x00000000-0x00000fff]
[    0.000000] PM: Registered nosave memory: [mem 0x0009f000-0x0009ffff]
[    0.000000] PM: Registered nosave memory: [mem 0x000a0000-0x000effff]
[    0.000000] PM: Registered nosave memory: [mem 0x000f0000-0x000fffff]
[    0.000000] e820: [mem 0x40000000-0xfebfffff] available for PCI devices
[    0.000000] Booting paravirtualized kernel on KVM
[    0.000000] clocksource: refined-jiffies: mask: 0xffffffff max_cycles: 0xffffffff, max_idle_ns: 7645519600211568 ns
[    0.000000] setup_percpu: NR_CPUS:8192 nr_cpumask_bits:2 nr_cpu_ids:2 nr_node_ids:1
[    0.000000] percpu: Embedded 50 pages/cpu s167936 r8192 d28672 u1048576
[    0.000000] PV qspinlock hash table entries: 256 (order: 0, 4096 bytes)
[    0.000000] Built 1 zonelists, mobility grouping on.  Total pages: 257913
[    0.000000] Policy zone: DMA32
[    0.000000] Kernel command line: BOOT_IMAGE=/boot/vmlinuz-4.15.0-212-generic root=LABEL=cloudimg-rootfs ro console=tty1 console=ttyS0
[    0.000000] Memory: 982644K/1048120K available (12300K kernel code, 2477K rwdata, 4324K rodata, 2480K init, 2720K bss, 65476K reserved, 0K cma-reserved)
[    0.000000] SLUB: HWalign=64, Order=0-3, MinObjects=0, CPUs=2, Nodes=1
[    0.000000] ftrace: allocating 39508 entries in 155 pages
[    0.004000] Hierarchical RCU implementation.
[    0.004000] 	RCU restricting CPUs from NR_CPUS=8192 to nr_cpu_ids=2.
[    0.004000] 	Tasks RCU enabled.
[    0.004000] RCU: Adjusting geometry for rcu_fanout_leaf=16, nr_cpu_ids=2
[    0.004000] NR_IRQS: 524544, nr_irqs: 440, preallocated irqs: 16
[    0.004000] random: crng init done
[    0.004000] Console: colour VGA+ 80x25
[    0.004000] console [tty1] enabled
[    0.004000] console [ttyS0] enabled
[    0.004000] ACPI: Core revision 20170831
[    0.004000] ACPI: 2 ACPI AML tables successfully acquired and loaded
[    0.004000] APIC: Switch to symmetric I/O mode setup
[    0.004000] ..TIMER: vector=0x30 apic1=0 pin1=2 apic2=-1 pin2=-1
[    0.004011] tsc: Detected 2688.010 MHz processor
[    0.008022] Calibrating delay loop (skipped) preset value.. 5376.02 BogoMIPS (lpj=10752040)
[    0.012014] pid_max: default: 32768 minimum: 301
[    0.016153] Security Framework initialized
[    0.020013] Yama: becoming mindful.
[    0.024312] AppArmor: AppArmor initialized
[    0.043096] Dentry cache hash table entries: 131072 (order: 8, 1048576 bytes)
[    0.055004] Inode-cache hash table entries: 65536 (order: 7, 524288 bytes)
[    0.060305] Mount-cache hash table entries: 2048 (order: 2, 16384 bytes)
[    0.064281] Mountpoint-cache hash table entries: 2048 (order: 2, 16384 bytes)
[    0.074955] Last level iTLB entries: 4KB 0, 2MB 0, 4MB 0
[    0.076006] Last level dTLB entries: 4KB 0, 2MB 0, 4MB 0, 1GB 0
[    0.080006] Spectre V1 : Mitigation: usercopy/swapgs barriers and __user pointer sanitization
[    0.084015] Spectre V2 : Mitigation: Enhanced IBRS
[    0.088015] Spectre V2 : Spectre v2 / SpectreRSB mitigation: Filling RSB on context switch
[    0.092006] Spectre V2 : Spectre v2 / PBRSB-eIBRS: Retire a single CALL on VMEXIT
[    0.096012] RETBleed: Mitigation: Enhanced IBRS
[    0.100005] Speculative Store Bypass: Vulnerable
[    0.104240] Freeing SMP alternatives memory: 36K
[    0.229121] smpboot: CPU0: 13th Gen Intel(R) Core(TM) i7-1365U (family: 0x6, model: 0xba, stepping: 0x3)
[    0.236873] Performance Events: unsupported p6 CPU model 186 no PMU driver, software events only.
[    0.240209] Hierarchical SRCU implementation.
[    0.249662] NMI watchdog: Perf event create on CPU 0 failed with -2
[    0.252010] NMI watchdog: Perf NMI watchdog permanently disabled
[    0.260832] smp: Bringing up secondary CPUs ...
[    0.268786] x86: Booting SMP configuration:
[    0.272011] .... node  #0, CPUs:      #1
[    0.004000] kvm-clock: cpu 1, msr 0:3ff44041, secondary cpu clock
[    0.295074] TSC synchronization [CPU#0 -> CPU#1]:
[    0.296000] Measured 130825 cycles TSC warp between CPUs, turning off TSC clock.
[    0.296000] tsc: Marking TSC unstable due to check_tsc_sync_source failed
[    0.300708] smp: Brought up 1 node, 2 CPUs
[    0.304016] smpboot: Max logical packages: 1
[    0.312014] smpboot: Total of 2 processors activated (10752.04 BogoMIPS)
[    0.324227] devtmpfs: initialized
[    0.328211] x86/mm: Memory block size: 128MB
[    0.333260] evm: security.selinux
[    0.336005] evm: security.SMACK64
[    0.340007] evm: security.SMACK64EXEC
[    0.344006] evm: security.SMACK64TRANSMUTE
[    0.348003] evm: security.SMACK64MMAP
[    0.352006] evm: security.apparmor
[    0.356005] evm: security.ima
[    0.360000] evm: security.capability
[    0.364031] clocksource: jiffies: mask: 0xffffffff max_cycles: 0xffffffff, max_idle_ns: 7645041785100000 ns
[    0.368031] futex hash table entries: 512 (order: 3, 32768 bytes)
[    0.376228] pinctrl core: initialized pinctrl subsystem
[    0.381925] RTC time: 15:38:26, date: 02/29/24
[    0.389513] NET: Registered protocol family 16
[    0.392364] audit: initializing netlink subsys (disabled)
[    0.396567] audit: type=2000 audit(1709221110.643:1): state=initialized audit_enabled=0 res=1
[    0.428011] cpuidle: using governor ladder
[    0.432015] cpuidle: using governor menu
[    0.436143] ACPI: bus type PCI registered
[    0.440005] acpiphp: ACPI Hot Plug PCI Controller Driver version: 0.5
[    0.448550] PCI: Using configuration type 1 for base access
[    0.468382] HugeTLB registered 2.00 MiB page size, pre-allocated 0 pages
[    0.484947] ACPI: Added _OSI(Module Device)
[    0.488014] ACPI: Added _OSI(Processor Device)
[    0.492014] ACPI: Added _OSI(3.0 _SCP Extensions)
[    0.496013] ACPI: Added _OSI(Processor Aggregator Device)
[    0.500020] ACPI: Added _OSI(Linux-Dell-Video)
[    0.504011] ACPI: Added _OSI(Linux-Lenovo-NV-HDMI-Audio)
[    0.508021] ACPI: Added _OSI(Linux-HPI-Hybrid-Graphics)
[    0.518379] ACPI: Executed 1 blocks of module-level executable AML code
[    0.533090] ACPI: Interpreter enabled
[    0.536040] ACPI: (supports S0 S5)
[    0.544024] ACPI: Using IOAPIC for interrupt routing
[    0.553335] PCI: Using host bridge windows from ACPI; if necessary, use "pci=nocrs" and report a bug
[    0.556747] ACPI: Enabled 2 GPEs in block 00 to 07
[    0.589006] ACPI: PCI Root Bridge [PCI0] (domain 0000 [bus 00-ff])
[    0.592018] acpi PNP0A03:00: _OSC: OS supports [ASPM ClockPM Segments MSI]
[    0.597489] acpi PNP0A03:00: _OSC: not requesting OS control; OS requires [ExtendedConfig ASPM ClockPM MSI]
[    0.600051] acpi PNP0A03:00: fail to add MMCONFIG information, can't access extended PCI configuration space under this bridge.
[    0.606554] PCI host bridge to bus 0000:00
[    0.608017] pci_bus 0000:00: root bus resource [io  0x0000-0x0cf7 window]
[    0.612019] pci_bus 0000:00: root bus resource [io  0x0d00-0xffff window]
[    0.616014] pci_bus 0000:00: root bus resource [mem 0x000a0000-0x000bffff window]
[    0.620019] pci_bus 0000:00: root bus resource [mem 0x40000000-0xfdffffff window]
[    0.624014] pci_bus 0000:00: root bus resource [bus 00-ff]
[    0.645182] pci 0000:00:01.1: legacy IDE quirk: reg 0x10: [io  0x01f0-0x01f7]
[    0.648017] pci 0000:00:01.1: legacy IDE quirk: reg 0x14: [io  0x03f6]
[    0.652013] pci 0000:00:01.1: legacy IDE quirk: reg 0x18: [io  0x0170-0x0177]
[    0.656010] pci 0000:00:01.1: legacy IDE quirk: reg 0x1c: [io  0x0376]
[    0.708889] pci 0000:00:07.0: quirk: [io  0x4000-0x403f] claimed by PIIX4 ACPI
[    0.712139] pci 0000:00:07.0: quirk: [io  0x4100-0x410f] claimed by PIIX4 SMB
[    0.732027] ACPI: PCI Interrupt Link [LNKA] (IRQs 5 9 10 *11)
[    0.737051] ACPI: PCI Interrupt Link [LNKB] (IRQs 5 9 *10 11)
[    0.740671] ACPI: PCI Interrupt Link [LNKC] (IRQs 5 *9 10 11)
[    0.744693] ACPI: PCI Interrupt Link [LNKD] (IRQs 5 9 10 *11)
[    0.750528] SCSI subsystem initialized
[    0.757044] pci 0000:00:02.0: vgaarb: setting as boot VGA device
[    0.760000] pci 0000:00:02.0: vgaarb: VGA device added: decodes=io+mem,owns=io+mem,locks=none
[    0.820011] pci 0000:00:02.0: vgaarb: bridge control possible
[    0.844006] vgaarb: loaded
[    0.856129] ACPI: bus type USB registered
[    0.876052] usbcore: registered new interface driver usbfs
[    0.892088] usbcore: registered new interface driver hub
[    0.908142] usbcore: registered new device driver usb
[    0.928089] EDAC MC: Ver: 3.0.0
[    0.942501] PCI: Using ACPI for IRQ routing
[    0.956591] NetLabel: Initializing
[    0.968008] NetLabel:  domain hash size = 128
[    0.984010] NetLabel:  protocols = UNLABELED CIPSOv4 CALIPSO
[    1.004059] NetLabel:  unlabeled traffic allowed by default
[    1.020102] clocksource: Switched to clocksource kvm-clock
[    1.160135] VFS: Disk quotas dquot_6.6.0
[    1.177375] VFS: Dquot-cache hash table entries: 512 (order 0, 4096 bytes)
[    1.197787] AppArmor: AppArmor Filesystem Enabled
[    1.212293] pnp: PnP ACPI init
[    1.223244] pnp: PnP ACPI: found 3 devices
[    1.249748] clocksource: acpi_pm: mask: 0xffffff max_cycles: 0xffffff, max_idle_ns: 2085701024 ns
[    1.267693] NET: Registered protocol family 2
[    1.277837] IP idents hash table entries: 16384 (order: 5, 131072 bytes)
[    1.296551] TCP established hash table entries: 8192 (order: 4, 65536 bytes)
[    1.315579] TCP bind hash table entries: 8192 (order: 5, 131072 bytes)
[    1.336329] TCP: Hash tables configured (established 8192 bind 8192)
[    1.355673] UDP hash table entries: 512 (order: 2, 16384 bytes)
[    1.370515] UDP-Lite hash table entries: 512 (order: 2, 16384 bytes)
[    1.385927] NET: Registered protocol family 1
[    1.393969] pci 0000:00:00.0: Limiting direct PCI/PCI transfers
[    1.405273] pci 0000:00:01.0: Activating ISA DMA hang workarounds
[    1.418970] pci 0000:00:02.0: Video device with shadowed ROM at [mem 0x000c0000-0x000dffff]
[    1.445974] Unpacking initramfs...
[    2.726600] Freeing initrd memory: 19528K
[    2.737023] clocksource: tsc: mask: 0xffffffffffffffff max_cycles: 0x26beffa22e4, max_idle_ns: 440795217853 ns
[    2.765002] platform rtc_cmos: registered platform RTC device (no PNP device found)
[    2.784609] Scanning for low memory corruption every 60 seconds
[    2.802210] Initialise system trusted keyrings
[    2.812229] Key type blacklist registered
[    2.823545] workingset: timestamp_bits=36 max_order=18 bucket_order=0
[    2.850312] zbud: loaded
[    2.861463] squashfs: version 4.0 (2009/01/31) Phillip Lougher
[    2.873364] fuse init (API version 7.26)
[    2.930281] Key type asymmetric registered
[    2.942881] Asymmetric key parser 'x509' registered
[    2.958640] Block layer SCSI generic (bsg) driver version 0.4 loaded (major 246)
[    2.979891] io scheduler noop registered
[    2.988845] io scheduler deadline registered
[    2.996455] io scheduler cfq registered (default)
[    3.011742] ACPI: AC Adapter [AC] (on-line)
[    3.020126] input: Power Button as /devices/LNXSYSTM:00/LNXPWRBN:00/input/input0
[    3.038646] ACPI: Power Button [PWRF]
[    3.047187] input: Sleep Button as /devices/LNXSYSTM:00/LNXSLPBN:00/input/input1
[    3.062485] ACPI: Sleep Button [SLPF]
[    3.071583] Serial: 8250/16550 driver, 32 ports, IRQ sharing enabled
[    3.075415] ACPI: Battery Slot [BAT0] (battery present)
[    3.146276] 00:02: ttyS0 at I/O 0x3f8 (irq = 4, base_baud = 115200) is a 16550A
[    3.165478] Linux agpgart interface v0.103
[    3.216811] loop: module loaded
[    3.229213] scsi host0: ata_piix
[    3.240817] scsi host1: ata_piix
[    3.247628] ata1: PATA max UDMA/33 cmd 0x1f0 ctl 0x3f6 bmdma 0xd000 irq 14
[    3.265726] ata2: PATA max UDMA/33 cmd 0x170 ctl 0x376 bmdma 0xd008 irq 15
[    3.290036] tun: Universal TUN/TAP device driver, 1.6
[    3.299870] PPP generic driver version 2.4.2
[    3.311178] ehci_hcd: USB 2.0 'Enhanced' Host Controller (EHCI) Driver
[    3.329969] ehci-pci: EHCI PCI platform driver
[    3.338489] ehci-platform: EHCI generic platform driver
[    3.353088] ohci_hcd: USB 1.1 'Open' Host Controller (OHCI) Driver
[    3.368217] ohci-pci: OHCI PCI platform driver
[    3.376032] ohci-platform: OHCI generic platform driver
[    3.379879] uhci_hcd: USB Universal Host Controller Interface driver
[    3.379879] i8042: PNP: PS/2 Controller [PNP0303:PS2K,PNP0f03:PS2M] at 0x60,0x64 irq 1,12
[    3.379879] serio: i8042 KBD port at 0x60,0x64 irq 1
[    3.379879] serio: i8042 AUX port at 0x60,0x64 irq 12
[    3.449307] mousedev: PS/2 mouse device common for all mice
[    3.466512] rtc_cmos rtc_cmos: rtc core: registered rtc_cmos as rtc0
[    3.484520] rtc_cmos rtc_cmos: alarms up to one day, 114 bytes nvram
[    3.492094] i2c /dev entries driver
[    3.498342] device-mapper: uevent: version 1.0.3
[    3.573955] device-mapper: ioctl: 4.37.0-ioctl (2017-09-20) initialised: dm-devel@redhat.com
[    3.600063] ledtrig-cpu: registered to indicate activity on CPUs
[    3.618680] input: AT Translated Set 2 keyboard as /devices/platform/i8042/serio0/input/input2
[    3.652381] NET: Registered protocol family 10
[    3.697641] Segment Routing with IPv6
[    3.707099] NET: Registered protocol family 17
[    3.718025] Key type dns_resolver registered
[    3.734030] mce: Using 0 MCE banks
[    3.740738] RAS: Correctable Errors collector initialized.
[    3.754020] sched_clock: Marking stable (3753861421, 0)->(6365335272, -2611473851)
[    3.790842] registered taskstats version 1
[    3.802650] Loading compiled-in X.509 certificates
[    3.828109] Loaded X.509 cert 'Build time autogenerated kernel key: b5b26778eaa3ab3a4a6cee031137706e947d12ad'
[    3.855995] Loaded X.509 cert 'Canonical Ltd. Live Patch Signing: 14df34d1a87cf37625abec039ef2bf521249b969'
[    3.881173] Loaded X.509 cert 'Canonical Ltd. Kernel Module Signing: 88f752e560a1e0737e31163a466ad7b70a850c19'
[    3.909139] blacklist: Loading compiled-in revocation X.509 certificates
[    3.928548] Loaded X.509 cert 'Canonical Ltd. Secure Boot Signing: 61482aa2830d0ab2ad5af10b7250da9033ddcef0'
[    3.956268] Loaded X.509 cert 'Canonical Ltd. Secure Boot Signing (2017): 242ade75ac4a15e50d50c84b0d45ff3eae707a03'
[    3.981557] Loaded X.509 cert 'Canonical Ltd. Secure Boot Signing (ESM 2018): 365188c1d374d6b07c3c8f240f8ef722433d6a8b'
[    4.004192] Loaded X.509 cert 'Canonical Ltd. Secure Boot Signing (2019): c0746fd6c5da3ae827864651ad66ae47fe24b3e8'
[    4.024654] Loaded X.509 cert 'Canonical Ltd. Secure Boot Signing (2021 v1): a8d54bbb3825cfb94fa13c9f8a594a195c107b8d'
[    4.048904] Loaded X.509 cert 'Canonical Ltd. Secure Boot Signing (2021 v2): 4cf046892d6fd3c9a5b03f98d845f90851dc6a8c'
[    4.074451] Loaded X.509 cert 'Canonical Ltd. Secure Boot Signing (2021 v3): 100437bb6de6e469b581e61cd66bce3ef4ed53af'
[    4.102287] Loaded X.509 cert 'Canonical Ltd. Secure Boot Signing (Ubuntu Core 2019): c1d57b8f6b743f23ee41f4f7ee292f06eecadfb9'
[    4.131509] zswap: loaded using pool lzo/zbud
[    4.180679] Key type big_key registered
[    4.191928] Key type trusted registered
[    4.217223] Key type encrypted registered
[    4.226018] AppArmor: AppArmor sha1 policy hashing enabled
[    4.249587] ima: No TPM chip found, activating TPM-bypass! (rc=-19)
[    4.267584] ima: Allocated hash algorithm: sha1
[    4.277879] evm: HMAC attrs: 0x1
[    4.287921]   Magic number: 12:327:640
[    4.297933] rtc_cmos rtc_cmos: setting system clock to 2024-02-29 15:38:30 UTC (1709221110)
[    4.316100] BIOS EDD facility v0.16 2004-Jun-25, 0 devices found
[    4.333657] EDD information not available.
[    4.350030] Freeing unused kernel image memory: 2480K
[    4.807718] Write protecting the kernel read-only data: 20480k
[    4.833693] Freeing unused kernel image memory: 2008K
[    4.843456] Freeing unused kernel image memory: 1820K
[    4.868675] x86/mm: Checked W+X mappings: passed, no W+X pages found.
Loading, please wait...
starting version 237
[    5.211887] Fusion MPT base driver 3.04.20
[    5.221307] Copyright (c) 1999-2008 LSI Corporation
[    5.267092] e1000: Intel(R) PRO/1000 Network Driver - version 7.3.21-k8-NAPI
[    5.283273] e1000: Copyright (c) 1999-2006 Intel Corporation.
[    5.373476] SSE version of gcm_enc/dec engaged.
[    5.403494] Fusion MPT SPI Host driver 3.04.20
[    5.547626] input: ImExPS/2 Generic Explorer Mouse as /devices/platform/i8042/serio1/input/input4
[    6.753310] e1000 0000:00:03.0 eth0: (PCI:33MHz:32-bit) 02:3b:7b:b7:3b:2d
[    6.769795] e1000 0000:00:03.0 eth0: Intel(R) PRO/1000 Network Connection
[    6.786537] mptbase: ioc0: Initiating bringup
[    6.786763] e1000 0000:00:03.0 enp0s3: renamed from eth0
[    6.925057] ioc0: LSI53C1030 A0: Capabilities={Initiator}
[    8.477083] scsi host2: ioc0: LSI53C1030 A0, FwRev=00000000h, Ports=1, MaxQ=256, IRQ=20
[    9.160488] scsi 2:0:0:0: Direct-Access     VBOX     HARDDISK         1.0  PQ: 0 ANSI: 5
[    9.208508] scsi target2:0:0: Beginning Domain Validation
[    9.246020] scsi target2:0:0: Domain Validation skipping write tests
[    9.265447] scsi target2:0:0: Ending Domain Validation
[    9.281724] scsi target2:0:0: asynchronous
[    9.303342] scsi 2:0:1:0: Direct-Access     VBOX     HARDDISK         1.0  PQ: 0 ANSI: 5
[    9.357221] scsi target2:0:1: Beginning Domain Validation
[    9.399548] scsi target2:0:1: Domain Validation skipping write tests
[    9.418632] scsi target2:0:1: Ending Domain Validation
[    9.435239] scsi target2:0:1: asynchronous
[    9.483365] sd 2:0:0:0: Attached scsi generic sg0 type 0
[    9.485068] sd 2:0:0:0: [sda] 83886080 512-byte logical blocks: (42.9 GB/40.0 GiB)
[    9.512866] sd 2:0:0:0: [sda] Write Protect is off
[    9.524612] sd 2:0:1:0: Attached scsi generic sg1 type 0
[    9.525202] sd 2:0:0:0: [sda] Incomplete mode parameter data
[    9.549246] sd 2:0:0:0: [sda] Assuming drive cache: write through
[    9.567652] sd 2:0:1:0: [sdb] 20480 512-byte logical blocks: (10.5 MB/10.0 MiB)
[    9.581663]  sda: sda1
[    9.592510] sd 2:0:1:0: [sdb] Write Protect is off
[    9.610453] sd 2:0:1:0: [sdb] Incomplete mode parameter data
[    9.616677] sd 2:0:0:0: [sda] Attached SCSI disk
[    9.626158] sd 2:0:1:0: [sdb] Assuming drive cache: write through
[    9.688724] sd 2:0:1:0: [sdb] Attached SCSI disk
Begin: Loading essential drivers ... [   13.975877] raid6: sse2x1   gen() 146897 MB/s
[   14.981564] raid6: sse2x1   xor() 99250 MB/s
[   15.985656] raid6: sse2x2   gen() 195651 MB/s
[   17.984812] raid6: sse2x2   xor() 119185 MB/s
[   19.976001] raid6: sse2x4   gen() 222178 MB/s
[   20.040772] raid6: sse2x4   xor()  5687 MB/s
[   20.047380] raid6: using algorithm sse2x4 gen() 222178 MB/s
[   20.060620] raid6: .... xor() 5687 MB/s, rmw enabled
[   20.075917] raid6: using ssse3x2 recovery algorithm
[   20.101427] xor: measuring software checksum speed
[   20.148288]    prefetch64-sse: 16671.000 MB/sec
[   20.201207]    generic_sse:  9786.000 MB/sec
[   20.210860] xor: using function: prefetch64-sse (16671.000 MB/sec)
[   20.229527] async_tx: api initialized (async)
done.
Begin: Running /scripts/init-premount ... done.
Begin: Mounting root file system ... Begin: Running /scripts/local-top ... done.
Begin: Running /scripts/local-premount ... [   20.376319] Btrfs loaded, crc32c=crc32c-intel
Scanning for Btrfs filesystems
done.
Warning: fsck not present, so skipping root file system
[   20.555620] EXT4-fs (sda1): mounted filesystem with ordered data mode. Opts: (null)
done.
Begin: Running /scripts/local-bottom ... done.
Begin: Running /scripts/init-bottom ... done.
[   21.058460] ip_tables: (C) 2000-2006 Netfilter Core Team
[   21.106244] systemd[1]: systemd 237 running in system mode. (+PAM +AUDIT +SELINUX +IMA +APPARMOR +SMACK +SYSVINIT +UTMP +LIBCRYPTSETUP +GCRYPT +GNUTLS +ACL +XZ +LZ4 +SECCOMP +BLKID +ELFUTILS +KMOD -IDN2 +IDN -PCRE2 default-hierarchy=hybrid)
[   21.153678] systemd[1]: Detected virtualization oracle.
[   21.167800] systemd[1]: Detected architecture x86-64.

Welcome to [1mUbuntu 18.04.6 LTS[0m!

[   21.261054] systemd[1]: Set hostname to <ubuntu>.
[   21.285493] systemd[1]: Initializing machine ID from random generator.
[   21.301052] systemd[1]: Installed transient /etc/machine-id file.
[   21.894771] systemd[1]: Started Forward Password Requests to Wall Directory Watch.
[[0;32m  OK  [0m] Started Forward Password Requests to Wall Directory Watch.
[   21.947006] systemd[1]: Created slice System Slice.
[[0;32m  OK  [0m] Created slice System Slice.
[   21.963370] systemd[1]: Listening on udev Control Socket.
[[0;32m  OK  [0m] Listening on udev Control Socket.
[   21.997985] systemd[1]: Listening on Journal Socket.
[[0;32m  OK  [0m] Listening on Journal Socket.
         Starting Uncomplicated firewall...
[[0;32m  OK  [0m] Listening on Journal Socket (/dev/log).
[[0;32m  OK  [0m] Listening on /dev/initctl Compatibility Named Pipe.
[[0;32m  OK  [0m] Listening on Syslog Socket.
         Mounting Huge Pages File System...
         Mounting POSIX Message Queue File System...
[[0;32m  OK  [0m] Created slice system-serial\x2dgetty.slice.
[[0;32m  OK  [0m] Listening on Journal Audit Socket.
         Starting Journal Service...
[[0;32m  OK  [0m] Listening on LVM2 metadata daemon socket.
[[0;32m  OK  [0m] Listening on Network Service Netlink Socket.
         Mounting Kernel Debug File System...
         Starting Load Kernel Modules...
[[0;32m  OK  [0m] Reached target Swap.
[[0;32m  OK  [0m] Set up automount Arbitrary Executab…rmats File System Automount Point.
[[0;32m  OK  [0m] Reached target Mounting snaps.
[[0;32m  OK  [0m] Reached target Mounted snaps.
[[0;32m  OK  [0m[   22.270471] Loading iSCSI transport class v2.0-870.
] Listening on Device-mapper event daemon FIFOs.
         Starting Monitoring of LVM2 mirrors…ng dmeventd or progress polling...
[[0;32m  OK  [0m] Reached target System Time Synchronized.
[[0;32m  OK  [0m] Listening on fsck to fsckd communication Socket.
         Starting File System Check on Root Device...
[[0;32m  OK  [0m] Listening on udev Kernel Socket.
         Starting Set the console keyboard layout...
         Starting Create list of required st…ce nodes for the current kernel...
[   22.359589] iscsi: registered transport (tcp)
         Starting udev Coldplug all Devices...
[[0;32m  OK  [0m] Created slice User and Session Slice.
[[0;32m  OK  [0m] Reached target Slices.
[[0;32m  OK  [0m] Reached target User and Group Name Lookups.
[[0;32m  OK  [0m] Listening on LVM2 poll daemon socket.
[[0;32m  OK  [0m] Started Journal Service.
[[0;32m  OK  [0m] Started Uncomplicated firewall.
[[0;32m  OK  [0m] Mounted Huge Pages File System.
[[0;32m  OK  [0m] Mounted POSIX Message Queue File System.
[[0;32m  OK  [0m] Mounted Kernel Debug File System.
[[0;32m  OK  [0m] Started File System Check Daemon to report status.
[[0;32m  OK  [0m] Started LVM2 metadata daemon.
[[0;32m  OK  [0m] Started Create list of required sta…vice nodes for the current kernel.
         Starting Create Static Device Nodes in /dev...
[[0;32m  OK  [0m] Started Create Static Device Nodes in /dev.
[[0;32m  OK  [0m] Started Monitoring of LVM2 mirrors,…sing dmeventd or progress polling.
[[0;32m  OK  [0m] Started udev Coldplug all Devices.
[[0;32m  OK  [0m] Started File System Check on Root Device.
         Starting Remount Root and Kernel File Systems...
[   22.705824] EXT4-fs (sda1): re-mounted. Opts: (null)
[[0;32m  OK  [0m] Started Remount Root and Kernel File Systems.
[   22.735273] iscsi: registered transport (iser)
         Starting Load/Save Random Seed...
         Starting Flush Journal to Persistent Storage...
         Starting udev Kernel Device Manager...
[[0;32m  OK  [0m] Started Load Kernel Modules.
         Mounting FUSE Control File System...
         Mounting Kernel Configuration File System...
         Starting Apply Kernel Variables...
[[0;32m  OK  [0m] Mounted FUSE Control File System.
[   22.818760] systemd-journald[403]: Received request to flush runtime journal from PID 1
[[0;32m  OK  [0m] Started Load/Save Random Seed.
[[0;32m  OK  [0m] Mounted Kernel Configuration File System.
[[0;32m  OK  [0m] Started Apply Kernel Variables.
[[0;32m  OK  [0m] Started Flush Journal to Persistent Storage.
[[0;32m  OK  [0m] Started udev Kernel Device Manager.
[[0;32m  OK  [0m] Found device /dev/ttyS0.
[[0;32m  OK  [0m] Listening on Load/Save RF Kill Switch Status /dev/rfkill Watch.
[[0;32m  OK  [0m] Started Set the console keyboard layout.
         Mounting Arbitrary Executable File Formats File System...
[[0;32m  OK  [0m] Reached target Local File Systems (Pre).
[[0;32m  OK  [0m] Reached target Local File Systems.
         Starting Commit a transient machine-id on disk...
         Starting Create Volatile Files and Directories...
         Starting Set console font and keymap...
         Starting AppArmor initialization...
         Starting Tell Plymouth To Write Out Runtime Data...
         Starting ebtables ruleset management...
[[0;32m  OK  [0m] Started Dispatch Password Requests to Console Directory Watch.
[[0;32m  OK  [0m] Reached target Local Encrypted Volumes.
[[0;32m  OK  [0m] Mounted Arbitrary Executable File Formats File System.
[[0;32m  OK  [0m] Started Tell Plymouth To Write Out Runtime Data.
[[0;32m  OK  [0m] Started Create Volatile Files and Directories.
         Starting Update UTMP about System Boot/Shutdown...
[[0;32m  OK  [0m] Started Update UTMP about System Boot/Shutdown.
[[0;32m  OK  [0m] Started Commit a transient machine-id on disk.
[[0;32m  OK  [0m] Started ebtables ruleset management.
[[0;32m  OK  [0m] Started AppArmor initialization.
         Starting Load AppArmor profiles managed internally by snapd...
         Starting Initial cloud-init job (pre-networking)...
[[0;32m  OK  [0m] Started Load AppArmor profiles managed internally by snapd.
[[0;32m  OK  [0m] Started Set console font and keymap.
[   29.642426] cloud-init[756]: Cloud-init v. 23.1.2-0ubuntu0~18.04.1 running 'init-local' at Thu, 29 Feb 2024 15:38:55 +0000. Up 28.84 seconds.
[[0;32m  OK  [0m] Started Initial cloud-init job (pre-networking).
[[0;32m  OK  [0m] Reached target Network (Pre).
         Starting Network Service...
[[0;32m  OK  [0m] Started Network Service.
         Starting Wait for Network to be Configured...
         Starting Network Name Resolution...
[[0;32m  OK  [0m] Started Network Name Resolution.
[[0;32m  OK  [0m] Reached target Host and Network Name Lookups.
[[0;32m  OK  [0m] Reached target Network.
[[0;32m  OK  [0m] Started Wait for Network to be Configured.
         Starting Initial cloud-init job (metadata service crawler)...
[   32.506391] cloud-init[911]: Cloud-init v. 23.1.2-0ubuntu0~18.04.1 running 'init' at Thu, 29 Feb 2024 15:38:58 +0000. Up 32.22 seconds.
[   32.515726] cloud-init[911]: ci-info: ++++++++++++++++++++++++++++++++++++++Net device info++++++++++++++++++++++++++++++++++++++
[   32.522007] cloud-init[911]: ci-info: +--------+------+----------------------------+---------------+--------+-------------------+
[   32.533000] cloud-init[911]: ci-info: | Device |  Up  |          Address           |      Mask     | Scope  |     Hw-Address    |
[   32.539116] cloud-init[911]: ci-info: +--------+------+----------------------------+---------------+--------+-------------------+
[   32.547210] cloud-init[911]: ci-info: | enp0s3 | True |         10.0.2.15          | 255.255.255.0 | global | 02:3b:7b:b7:3b:2d |
[   32.554557] cloud-init[911]: ci-info: | enp0s3 | True | fe80::3b:7bff:feb7:3b2d/64 |       .       |  link  | 02:3b:7b:b7:3b:2d |
[   32.560828] cloud-init[911]: ci-info: |   lo   | True |         127.0.0.1          |   255.0.0.0   |  host  |         .         |
[   32.570661] cloud-init[911]: ci-info: |   lo   | True |          ::1/128           |       .       |  host  |         .         |
[   32.578971] cloud-init[911]: ci-info: +--------+------+----------------------------+---------------+--------+-------------------+
[   32.588925] cloud-init[911]: ci-info: ++++++++++++++++++++++++++++Route IPv4 info+++++++++++++++++++++++++++++
[   32.601058] cloud-init[911]: ci-info: +-------+-------------+----------+-----------------+-----------+-------+
[   32.611705] cloud-init[911]: ci-info: | Route | Destination | Gateway  |     Genmask     | Interface | Flags |
[   32.617202] cloud-init[911]: ci-info: +-------+-------------+----------+-----------------+-----------+-------+
[   32.628926] cloud-init[911]: ci-info: |   0   |   0.0.0.0   | 10.0.2.2 |     0.0.0.0     |   enp0s3  |   UG  |
[   32.636539] cloud-init[911]: ci-info: |   1   |   10.0.2.0  | 0.0.0.0  |  255.255.255.0  |   enp0s3  |   U   |
[   32.642388] cloud-init[911]: ci-info: |   2   |   10.0.2.2  | 0.0.0.0  | 255.255.255.255 |   enp0s3  |   UH  |
[   32.651090] cloud-init[911]: ci-info: +-------+-------------+----------+-----------------+-----------+-------+
[   32.662090] cloud-init[911]: ci-info: +++++++++++++++++++Route IPv6 info+++++++++++++++++++
[   32.667917] cloud-init[911]: ci-info: +-------+-------------+---------+-----------+-------+
[   32.677920] cloud-init[911]: ci-info: | Route | Destination | Gateway | Interface | Flags |
[   32.686179] cloud-init[911]: ci-info: +-------+-------------+---------+-----------+-------+
[   32.695568] cloud-init[911]: ci-info: |   1   |  fe80::/64  |    ::   |   enp0s3  |   U   |
[   32.701580] cloud-init[911]: ci-info: |   3   |    local    |    ::   |   enp0s3  |   U   |
[   32.709654] cloud-init[911]: ci-info: |   4   |   ff00::/8  |    ::   |   enp0s3  |   U   |
[   32.713416] cloud-init[911]: ci-info: +-------+-------------+---------+-----------+-------+
[   34.407276] cloud-init[911]: Generating public/private rsa key pair.
[   34.411892] cloud-init[911]: Your identification has been saved in /etc/ssh/ssh_host_rsa_key.
[   34.415972] cloud-init[911]: Your public key has been saved in /etc/ssh/ssh_host_rsa_key.pub.
[   34.426103] cloud-init[911]: The key fingerprint is:
[   34.430327] cloud-init[911]: SHA256:kKiIrpmgKZ0DFB3uVsmu2Z8noPn75xdY+LaP5NJORSs root@ubuntu-bionic
[   34.437979] cloud-init[911]: The key's randomart image is:
[   34.445548] cloud-init[911]: +---[RSA 2048]----+
[   34.451013] cloud-init[911]: |  ...            |
[   34.464118] cloud-init[911]: | .......         |
[   34.478339] cloud-init[911]: |  ...+o   .  .   |
[   34.490227] cloud-init[911]: |.o..o  . . .. .  |
[   34.503666] cloud-init[911]: |+ .o .  S +E o   |
[   34.516854] cloud-init[911]: |o . +.   . +o    |
[   34.525887] cloud-init[911]: |.+ +o..   ooo    |
[   34.541088] cloud-init[911]: |=++o  ...+++.    |
[   34.548805] [[0;32m  OK  [0m] Started Initial cloud-init job (metadata service crawler).
[[0;32m  OK  [0m] Reached target Network is Online.
cloud-init[[0;32m  OK  [0m] Reached target Remote File Systems (Pre).
[[0;32m  OK  [0m] Reached target Remote File Systems.
[911]: |B  ..oo+=.++..   |
[   34.563129] cloud-init[911]: +----[SHA256]-----+
[   34.563214] cloud-init[911]: Generating public/private dsa key pair.
[   34.566708] cloud-init[911]: Your identification has been saved in /etc/ssh/ssh_host_dsa_key.
         Starting Availability of block devices...
[[0;32m  OK  [0m] Reached target System Initialization.
         Starting Socket activation for snappy daemon.
[[0;32m  OK  [0m] Listening on ACPID Listen Socket.
[[0;32m  OK  [0m] Listening on cloud-init hotplug hook socket.
[   34.567568] cloud-init[911]: Your public key has been saved in /etc/ssh/ssh_host_dsa_key.pub.
[[0;32m  OK  [0m] Started Message of the Day.
[[0;32m  OK  [0m] Started Ubuntu Advantage Timer for running repeated jobs.
[   34.629867] [[0;32m  OK  [0m] Listening on D-Bus System Message Bus Socket.
[[0;32m  OK  [0m] Started ACPI Events Check.
[[0;32m  OK  [0m] Listening on UUID daemon activation socket.
         Starting LXD - unix socket.
[[0;32m  OK  [0m] Started Daily apt download activities.
[[0;32m  OK  [0m] Started Daily apt upgrade and clean activities.
[[0;32m  OK  [0m] Started Daily Cleanup of Temporary Directories.
[[0;32m  OK  [0m] Reached target Paths.
[[0;32m  OK  [0m] Listening on Open-iSCSI iscsid Socket.
[[0;32m  OK  [0m] Started Discard unused blocks once a week.
[[0;32m  OK  [0m] Reached target Timers.
[[0;32m  OK  [0m] Reached target Cloud-config availability.
[[0;32m  OK  [0m] Started Availability of block devices.
[[0;32m  OK  [0m] Listening on Socket activation for snappy daemon.
[[0;32m  OK  [0m] Listening on LXD - unix socket.
[[0;32m  OK  [0m] Reached target Sockets.
[[0;32m  OK  [0m] Reached target Basic System.
[[0;32m  OK  [0m] Started Deferred execution scheduler.
         Starting Pollinate to seed the pseudo random number generator...
         Starting LXD - container startup/shutdown...
         Starting Dispatcher daemon for systemd-networkd...
         Starting Virtualbox guest utils...
         Starting LSB: Record successful boot for GRUB...
         Starting Permit User Sessions...
[[0;32m  OK  [0m] Started D-Bus System Message Bus.
cloud-init[911]: The key fingerprint is:
[   34.730856] cloud-init[911]: SHA256:RLuQpKiD76xde0MqxZ0+qOetObn/xinEeJgtKTphTl4 root@ubuntu-bionic
[   34.747243] cloud-init[[0;32m  OK  [0m] Reached target Login Prompts (Pre).
         Starting Accounts Service...
[[0;32m  OK  [0m] Started FUSE filesystem for LXC.
[911]: The key's randomart image is:
[   34.769235] cloud-init[911]: +---[DSA 1024]----+
[   34.793150] cloud-init[911]: |      . .        |
[   34.809783] cloud-init[911]: |   . o o .       |
[   34.828838] cloud-init[911]: |  . . o o        |
[   34.841025] cloud-init[911]: |..     o .       |
[   34.846357] cloud-init[911]: |+  . O .S        |
[   34.849721] cloud-init[911]: |.=.EO O          |
[   34.852218] cloud-init[911]: |=ooo.X . .       |
[   34.854695] cloud-init[911]: |o*..*+* +        |
[   34.860119] cloud-init[911]: |.o==**o*.        |
[   34.864715] cloud-init[911]: +----[SHA256]-----+
[   34.870215] cloud-init[911]: Generating public/private ecdsa key pair.
[   34.877602] cloud-init[911]: Your identification has been saved in /etc/ssh/ssh_host_ecdsa_key.
[   34.885249] cloud-init[911]: Your public key has been saved in /etc/ssh/ssh_host_ecdsa_key.pub.
[   34.897071] [[0;32m  OK  [0m] Started irqbalance daemon.
         Starting LSB: automatic crash report generation...
         Starting System Logging Service...
cloud-init[911]:          Starting Login Service...
The key fingerprint is:
[   34.954170] cloud-init[911]: SHA256:+aC1MiOEp1BNbaV4IqAk9UVwuu09SuzANqVR9nBYIOg root@ubuntu-bionic
[   34.990153] cloud-init[911]: The key's randomart image is:
[   34.996379] cloud-init[911]: +---[ECDSA 256]---+
[   35.001668] cloud-init[911]: |oo..++=oo        |
[   35.005749] cloud-init[911]: |+..+ *o+         |
[   35.011463] cloud-init[911]: |..o *.B .        |
[   35.015320] cloud-init[911]: | .Eo B + .       |
[   35.017902] cloud-init[911]: |. . = o S        |
[   35.022218] cloud-init[911]: | . = * + +       |
[   35.025069] cloud-init[911]: |  . B O + .      |
[   35.027399] cloud-init[911]: |   . * = .       |
[   35.031394] cloud-init[911]: |      o          |
[   35.036817] cloud-init[911]: +----[SHA256]-----+
[   35.042101] cloud-init[911]: Generating public/private ed25519 key pair.
[   35.048794] cloud-init[911]: Your identification has been saved in /etc/ssh/ssh_host_ed25519_key.
[   35.057499] cloud-init[911]: Your public key has been saved in /etc/ssh/ssh_host_ed25519_key.pub.
[   35.067434] cloud-init[911]: The key fingerprint is:
[   35.072752] cloud-init[911]: SHA256:6vF8jIM280+IxGaQk+CnQQ1XTlwnxl/yP9IDvFm9C4g root@ubuntu-bionic
[   35.082418] cloud-init[911]: The key's randomart image is:
[   35.086773] cloud-init[911]: +--[ED25519 256]--+
[   35.092832] cloud-init[911]: |  +o.ooo+ .      |
[   35.098766] cloud-init[911]: | o o.=...o. .    |
[   35.104186] cloud-init[911]: |  o * .  . =   . |
[[0;32m  OK  [0m] Started Regular background program processing daemon.
[   35.118906] cloud-init[911]: |   + +    . + . .|
[   35.130658] cloud-init[911]: |  .   = S . .B  .|
[   35.134517] cloud-init[911]: |     + o E .+.=. |
[   35.141489] cloud-init[911]: |      +..o.  ..o.|
[   35.147314] cloud-init[911]: |     .=+o.o    . |
[   35.163018] cloud-init[911]: |     ..+++.      |
[   35.167637] cloud-init[911]: +----[SHA256]-----+
         Starting Snap Daemon...
[[0;32m  OK  [0m] Started System Logging Service.
[[0;32m  OK  [0m] Started Permit User Sessions.
         Starting Terminate Plymouth Boot Screen...
         Starting Hold until boot process finishes up...
[[0;32m  OK  [0m] Started Hold until boot process finishes up.
[[0;32m  OK  [0m] Started Login Service.
[[0;32m  OK  [0m] Started Terminate Plymouth Boot Screen.
[[0;32m  OK  [0m] Started Unattended Upgrades Shutdown.
         Starting Set console scheme...
[[0;32m  OK  [0m] Started Serial Getty on ttyS0.
[[0;32m  OK  [0m] Started Set console scheme.
[[0;32m  OK  [0m] Created slice system-getty.slice.
[[0;32m  OK  [0m] Started Getty on tty1.
[[0;32m  OK  [0m] Reached target Login Prompts.
[[0;32m  OK  [0m] Started LSB: automatic crash report generation.
         Starting Authorization Manager...
[[0;32m  OK  [0m] Started LSB: Record successful boot for GRUB.
[[0;32m  OK  [0m] Started LXD - container startup/shutdown.
[[0;32m  OK  [0m] Started Authorization Manager.
[[0;32m  OK  [0m] Started Accounts Service.
[[0;32m  OK  [0m] Started Virtualbox guest utils.
[[0;32m  OK  [0m] Started Dispatcher daemon for systemd-networkd.
[[0;32m  OK  [0m] Started Pollinate to seed the pseudo random number generator.
         Starting OpenBSD Secure Shell server...
[[0;32m  OK  [0m] Started OpenBSD Secure Shell server.
[[0;32m  OK  [0m] Started Snap Daemon.
         Starting Wait until snapd is fully seeded...
[[0;32m  OK  [0m] Created slice User Slice of vagrant.
         Starting User Manager for UID 1000...
[[0;32m  OK  [0m] Started Session 1 of user vagrant.
         Starting Time & Date Service...
[[0;32m  OK  [0m] Started User Manager for UID 1000.
[[0;32m  OK  [0m] Started Time & Date Service.

Ubuntu 18.04.6 LTS ubuntu-bionic ttyS0

ubuntu-bionic login: [   44.393486] cloud-init[1446]: Cloud-init v. 23.1.2-0ubuntu0~18.04.1 running 'modules:config' at Thu, 29 Feb 2024 15:39:08 +0000. Up 42.37 seconds.
ci-info: no authorized SSH keys fingerprints found for user ubuntu.
<14>Feb 29 15:39:11 cloud-init: #############################################################
<14>Feb 29 15:39:11 cloud-init: -----BEGIN SSH HOST KEY FINGERPRINTS-----
<14>Feb 29 15:39:11 cloud-init: 1024 SHA256:RLuQpKiD76xde0MqxZ0+qOetObn/xinEeJgtKTphTl4 root@ubuntu-bionic (DSA)
<14>Feb 29 15:39:11 cloud-init: 256 SHA256:+aC1MiOEp1BNbaV4IqAk9UVwuu09SuzANqVR9nBYIOg root@ubuntu-bionic (ECDSA)
<14>Feb 29 15:39:11 cloud-init: 256 SHA256:6vF8jIM280+IxGaQk+CnQQ1XTlwnxl/yP9IDvFm9C4g root@ubuntu-bionic (ED25519)
<14>Feb 29 15:39:11 cloud-init: 2048 SHA256:kKiIrpmgKZ0DFB3uVsmu2Z8noPn75xdY+LaP5NJORSs root@ubuntu-bionic (RSA)
<14>Feb 29 15:39:11 cloud-init: -----END SSH HOST KEY FINGERPRINTS-----
<14>Feb 29 15:39:11 cloud-init: #############################################################
-----BEGIN SSH HOST KEY KEYS-----
ecdsa-sha2-nistp256 AAAAE2VjZHNhLXNoYTItbmlzdHAyNTYAAAAIbmlzdHAyNTYAAABBBC7rv+KAD/phDgRtvKAEAgZgQ1XU5+gE9AleawW+v/Hp5nziyhJkYZBbvDjJkznEKKlw/XT+uQB+k7BXRefm4VU= root@ubuntu-bionic
ssh-ed25519 AAAAC3NzaC1lZDI1NTE5AAAAIIy9iEzhfyGJaR7co+2bUGPkDQoofHS+PNP3u3xw5MQJ root@ubuntu-bionic
ssh-rsa AAAAB3NzaC1yc2EAAAADAQABAAABAQDHR/FkHFU79Ca8ZKNV0djEDO+Yi5CrEe94huJLvI04xitzy2BNGkWyHvbFYRVtqI7Fny/92TIVxuumeFFMZ2yhJG8pOHmHyhlzFhokKXyr7IfiX10sq1DAsCj4z2/ktKz98m4dRVH5d4zdSPDRQOzqGFsWzfvlZYSazmTWC4hj4g9w6HO+udlXoLmmX6mFknM0AeG5RXm5vc/5HbWGPLGIrIO+5V8z89QibKd9IaCQNLvnnNmLJ5qQghQ9vb79ZE6eFWNm6Eh2tln+jrNP5KEYxmoV6rk5m2t+r9RqCfPVbFRG9Wc82FLAVCGg1PmRkbLoY48vJd8iuv9HtEaAhud9 root@ubuntu-bionic
-----END SSH HOST KEY KEYS-----
[   45.691104] cloud-init[1609]: Cloud-init v. 23.1.2-0ubuntu0~18.04.1 running 'modules:final' at Thu, 29 Feb 2024 15:39:11 +0000. Up 45.31 seconds.
[   45.711376] cloud-init[1609]: Cloud-init v. 23.1.2-0ubuntu0~18.04.1 finished at Thu, 29 Feb 2024 15:39:11 +0000. Datasource DataSourceNoCloud [seed=/dev/sdb][dsmode=net].  Up 45.59 seconds
